# JRE version: Java(TM) SE Runtime Environment (12.0.2+10) (build 12.0.2+10)
# Java VM: Java HotSpot(TM) 64-Bit Server VM (12.0.2+10, mixed mode, sharing, tiered, compressed oops, g1 gc, windows-amd64)
Heap:
 garbage-first heap   total 262144K, used 93596K [0x00000000e0000000, 0x0000000100000000)
  region size 1024K, 53 young (54272K), 7 survivors (7168K)
 Metaspace       used 54831K, capacity 56284K, committed 56400K, reserved 303104K
  class space    used 7201K, capacity 7662K, committed 7680K, reserved 253952K
GC Heap History (10 events):
Event: 3.746 GC heap before
{Heap before GC invocations=3 (full 0):
 garbage-first heap   total 262144K, used 56782K [0x00000000e0000000, 0x0000000100000000)
  region size 1024K, 47 young (48128K), 4 survivors (4096K)
 Metaspace       used 12829K, capacity 13231K, committed 13312K, reserved 266240K
  class space    used 1891K, capacity 2040K, committed 2048K, reserved 253952K
}
Event: 3.753 GC heap after
{Heap after GC invocations=4 (full 0):
 garbage-first heap   total 262144K, used 15305K [0x00000000e0000000, 0x0000000100000000)
  region size 1024K, 3 young (3072K), 3 survivors (3072K)
 Metaspace       used 12829K, capacity 13231K, committed 13312K, reserved 266240K
  class space    used 1891K, capacity 2040K, committed 2048K, reserved 253952K
}
Event: 5.247 GC heap before
{Heap before GC invocations=4 (full 0):
 garbage-first heap   total 262144K, used 54217K [0x00000000e0000000, 0x0000000100000000)
  region size 1024K, 42 young (43008K), 3 survivors (3072K)
 Metaspace       used 20686K, capacity 21125K, committed 21296K, reserved 272384K
  class space    used 2919K, capacity 3115K, committed 3200K, reserved 253952K
}
Event: 5.257 GC heap after
{Heap after GC invocations=5 (full 0):
 garbage-first heap   total 262144K, used 18360K [0x00000000e0000000, 0x0000000100000000)
  region size 1024K, 6 young (6144K), 6 survivors (6144K)
 Metaspace       used 20686K, capacity 21125K, committed 21296K, reserved 272384K
  class space    used 2919K, capacity 3115K, committed 3200K, reserved 253952K
}
Event: 137.600 GC heap before
{Heap before GC invocations=6 (full 0):
 garbage-first heap   total 262144K, used 80824K [0x00000000e0000000, 0x0000000100000000)
  region size 1024K, 65 young (66560K), 6 survivors (6144K)
 Metaspace       used 27650K, capacity 28324K, committed 28464K, reserved 278528K
  class space    used 3667K, capacity 3876K, committed 3968K, reserved 253952K
}
Event: 137.614 GC heap after
{Heap after GC invocations=7 (full 0):
 garbage-first heap   total 262144K, used 22615K [0x00000000e0000000, 0x0000000100000000)
  region size 1024K, 8 young (8192K), 8 survivors (8192K)
 Metaspace       used 27650K, capacity 28324K, committed 28464K, reserved 278528K
  class space    used 3667K, capacity 3876K, committed 3968K, reserved 253952K
}
Event: 141.051 GC heap before
{Heap before GC invocations=7 (full 0):
 garbage-first heap   total 262144K, used 129111K [0x00000000e0000000, 0x0000000100000000)
  region size 1024K, 107 young (109568K), 8 survivors (8192K)
 Metaspace       used 34748K, capacity 35808K, committed 35920K, reserved 286720K
  class space    used 4704K, capacity 5047K, committed 5120K, reserved 253952K
}
Event: 141.076 GC heap after
{Heap after GC invocations=8 (full 0):
 garbage-first heap   total 262144K, used 40280K [0x00000000e0000000, 0x0000000100000000)
  region size 1024K, 14 young (14336K), 14 survivors (14336K)
 Metaspace       used 34748K, capacity 35808K, committed 35920K, reserved 286720K
  class space    used 4704K, capacity 5047K, committed 5120K, reserved 253952K
}
Event: 143.651 GC heap before
{Heap before GC invocations=9 (full 0):
 garbage-first heap   total 262144K, used 133464K [0x00000000e0000000, 0x0000000100000000)
  region size 1024K, 105 young (107520K), 14 survivors (14336K)
 Metaspace       used 46895K, capacity 48302K, committed 48464K, reserved 296960K
  class space    used 6189K, capacity 6628K, committed 6656K, reserved 253952K
}
Event: 143.683 GC heap after
{Heap after GC invocations=10 (full 0):
 garbage-first heap   total 262144K, used 47516K [0x00000000e0000000, 0x0000000100000000)
  region size 1024K, 7 young (7168K), 7 survivors (7168K)
 Metaspace       used 46895K, capacity 48302K, committed 48464K, reserved 296960K
  class space    used 6189K, capacity 6628K, committed 6656K, reserved 253952K
}

